[0.018s] Invoking command in '/home/dom/ros2_ws/src/teleop_twist_joy_ros2/build/teleop_twist_joy': CMAKE_PREFIX_PATH=${CMAKE_PREFIX_PATH}:/opt/ros/humble /usr/bin/cmake /home/dom/ros2_ws/src/teleop_twist_joy_ros2 -DCMAKE_INSTALL_PREFIX=/home/dom/ros2_ws/src/teleop_twist_joy_ros2/install/teleop_twist_joy
[0.211s] -- The C compiler identification is GNU 11.4.0
[0.373s] -- The CXX compiler identification is GNU 11.4.0
[0.390s] -- Detecting C compiler ABI info
[0.493s] -- Detecting C compiler ABI info - done
[0.504s] -- Check for working C compiler: /usr/bin/cc - skipped
[0.505s] -- Detecting C compile features
[0.505s] -- Detecting C compile features - done
[0.512s] -- Detecting CXX compiler ABI info
[0.629s] -- Detecting CXX compiler ABI info - done
[0.641s] -- Check for working CXX compiler: /usr/bin/c++ - skipped
[0.641s] -- Detecting CXX compile features
[0.642s] -- Detecting CXX compile features - done
[0.651s] -- Found ament_cmake: 1.3.9 (/opt/ros/humble/share/ament_cmake/cmake)
[0.952s] -- Found Python3: /usr/bin/python3 (found version "3.10.12") found components: Interpreter 
[1.143s] -- Found geometry_msgs: 4.2.3 (/opt/ros/humble/share/geometry_msgs/cmake)
[1.269s] -- Found rosidl_generator_c: 3.1.5 (/opt/ros/humble/share/rosidl_generator_c/cmake)
[1.279s] -- Found rosidl_adapter: 3.1.5 (/opt/ros/humble/share/rosidl_adapter/cmake)
[1.295s] -- Found rosidl_generator_cpp: 3.1.5 (/opt/ros/humble/share/rosidl_generator_cpp/cmake)
[1.319s] -- Using all available rosidl_typesupport_c: rosidl_typesupport_fastrtps_c;rosidl_typesupport_introspection_c
[1.348s] -- Using all available rosidl_typesupport_cpp: rosidl_typesupport_fastrtps_cpp;rosidl_typesupport_introspection_cpp
[1.548s] -- Found rclcpp: 16.0.9 (/opt/ros/humble/share/rclcpp/cmake)
[1.686s] -- Found rmw_implementation_cmake: 6.1.2 (/opt/ros/humble/share/rmw_implementation_cmake/cmake)
[1.692s] -- Found rmw_fastrtps_cpp: 6.2.6 (/opt/ros/humble/share/rmw_fastrtps_cpp/cmake)
[1.849s] -- Found OpenSSL: /usr/lib/x86_64-linux-gnu/libcrypto.so (found version "3.0.2")  
[1.891s] -- Found FastRTPS: /opt/ros/humble/include  
[1.950s] -- Using RMW implementation 'rmw_fastrtps_cpp' as default
[1.965s] -- Looking for pthread.h
[2.065s] -- Looking for pthread.h - found
[2.065s] -- Performing Test CMAKE_HAVE_LIBC_PTHREAD
[2.164s] -- Performing Test CMAKE_HAVE_LIBC_PTHREAD - Success
[2.165s] -- Found Threads: TRUE  
[2.340s] -- Found rclcpp_components: 16.0.9 (/opt/ros/humble/share/rclcpp_components/cmake)
[2.431s] -- Found sensor_msgs: 4.2.3 (/opt/ros/humble/share/sensor_msgs/cmake)
[2.610s] -- Performing Test COMPILER_HAS_HIDDEN_VISIBILITY
[2.761s] -- Performing Test COMPILER_HAS_HIDDEN_VISIBILITY - Success
[2.762s] -- Performing Test COMPILER_HAS_HIDDEN_INLINE_VISIBILITY
[2.867s] -- Performing Test COMPILER_HAS_HIDDEN_INLINE_VISIBILITY - Success
[2.868s] -- Performing Test COMPILER_HAS_DEPRECATED_ATTR
[2.974s] -- Performing Test COMPILER_HAS_DEPRECATED_ATTR - Success
[2.979s] -- Found ament_lint_auto: 0.12.11 (/opt/ros/humble/share/ament_lint_auto/cmake)
[3.089s] -- Found python_cmake_module: 0.10.0 (/opt/ros/humble/share/python_cmake_module/cmake)
[3.122s] -- Found PythonInterp: /usr/bin/python3 (found suitable version "3.10.12", minimum required is "3.6") 
[3.130s] -- Found PythonLibs: /usr/lib/x86_64-linux-gnu/libpython3.10.so (found suitable version "3.10.12", minimum required is "3.5") 
[3.130s] -- Using PYTHON_EXECUTABLE: /usr/bin/python3
[3.130s] -- Using PYTHON_INCLUDE_DIRS: /usr/include/python3.10
[3.130s] -- Using PYTHON_LIBRARIES: /usr/lib/x86_64-linux-gnu/libpython3.10.so
[3.157s] -- Found PythonExtra: .so  
[3.193s] -- Added test 'cppcheck' to perform static code analysis on C / C++ code
[3.193s] -- Configured cppcheck include dirs: $<BUILD_INTERFACE:/home/dom/ros2_ws/src/teleop_twist_joy_ros2/build/teleop_twist_joy>;$<BUILD_INTERFACE:/home/dom/ros2_ws/src/teleop_twist_joy_ros2/include>
[3.193s] -- Configured cppcheck exclude dirs and/or files: 
[3.197s] -- Added test 'flake8' to check Python code syntax and style conventions
[3.202s] -- Added test 'lint_cmake' to check CMake code style
[3.204s] -- Added test 'pep257' to check Python code against some of the docstring style conventions in PEP 257
[3.207s] -- Added test 'xmllint' to check XML markup files
[3.212s] -- Configuring done
[3.237s] -- Generating done
[3.240s] -- Build files have been written to: /home/dom/ros2_ws/src/teleop_twist_joy_ros2/build/teleop_twist_joy
[3.254s] Invoked command in '/home/dom/ros2_ws/src/teleop_twist_joy_ros2/build/teleop_twist_joy' returned '0': CMAKE_PREFIX_PATH=${CMAKE_PREFIX_PATH}:/opt/ros/humble /usr/bin/cmake /home/dom/ros2_ws/src/teleop_twist_joy_ros2 -DCMAKE_INSTALL_PREFIX=/home/dom/ros2_ws/src/teleop_twist_joy_ros2/install/teleop_twist_joy
[3.257s] Invoking command in '/home/dom/ros2_ws/src/teleop_twist_joy_ros2/build/teleop_twist_joy': CMAKE_PREFIX_PATH=${CMAKE_PREFIX_PATH}:/opt/ros/humble /usr/bin/cmake --build /home/dom/ros2_ws/src/teleop_twist_joy_ros2/build/teleop_twist_joy -- -j8 -l8
[3.353s] [ 25%] [32mBuilding CXX object CMakeFiles/teleop_twist_joy.dir/src/teleop_twist_joy.cpp.o[0m
[15.436s] [ 50%] [32m[1mLinking CXX shared library libteleop_twist_joy.so[0m
[16.397s] [ 50%] Built target teleop_twist_joy
[16.422s] [ 75%] [32mBuilding CXX object CMakeFiles/teleop_twist_joy_node.dir/src/teleop_node.cpp.o[0m
[20.426s] [100%] [32m[1mLinking CXX executable teleop_node[0m
[21.002s] [100%] Built target teleop_twist_joy_node
[21.025s] Invoked command in '/home/dom/ros2_ws/src/teleop_twist_joy_ros2/build/teleop_twist_joy' returned '0': CMAKE_PREFIX_PATH=${CMAKE_PREFIX_PATH}:/opt/ros/humble /usr/bin/cmake --build /home/dom/ros2_ws/src/teleop_twist_joy_ros2/build/teleop_twist_joy -- -j8 -l8
[21.085s] Invoking command in '/home/dom/ros2_ws/src/teleop_twist_joy_ros2/build/teleop_twist_joy': CMAKE_PREFIX_PATH=${CMAKE_PREFIX_PATH}:/opt/ros/humble /usr/bin/cmake --install /home/dom/ros2_ws/src/teleop_twist_joy_ros2/build/teleop_twist_joy
[21.098s] -- Install configuration: ""
[21.098s] -- Installing: /home/dom/ros2_ws/src/teleop_twist_joy_ros2/install/teleop_twist_joy/lib/libteleop_twist_joy.so
[21.109s] -- Set runtime path of "/home/dom/ros2_ws/src/teleop_twist_joy_ros2/install/teleop_twist_joy/lib/libteleop_twist_joy.so" to ""
[21.110s] -- Installing: /home/dom/ros2_ws/src/teleop_twist_joy_ros2/install/teleop_twist_joy/lib/teleop_twist_joy/teleop_node
[21.110s] -- Set runtime path of "/home/dom/ros2_ws/src/teleop_twist_joy_ros2/install/teleop_twist_joy/lib/teleop_twist_joy/teleop_node" to ""
[21.111s] -- Installing: /home/dom/ros2_ws/src/teleop_twist_joy_ros2/install/teleop_twist_joy/include/teleop_twist_joy
[21.111s] -- Installing: /home/dom/ros2_ws/src/teleop_twist_joy_ros2/install/teleop_twist_joy/include/teleop_twist_joy/teleop_twist_joy
[21.111s] -- Installing: /home/dom/ros2_ws/src/teleop_twist_joy_ros2/install/teleop_twist_joy/include/teleop_twist_joy/teleop_twist_joy/teleop_twist_joy.hpp
[21.111s] -- Installing: /home/dom/ros2_ws/src/teleop_twist_joy_ros2/install/teleop_twist_joy/include/teleop_twist_joy/teleop_twist_joy/teleop_twist_joy_export.h
[21.111s] -- Installing: /home/dom/ros2_ws/src/teleop_twist_joy_ros2/install/teleop_twist_joy/share/teleop_twist_joy/launch
[21.112s] -- Installing: /home/dom/ros2_ws/src/teleop_twist_joy_ros2/install/teleop_twist_joy/share/teleop_twist_joy/launch/teleop-launch.py
[21.112s] -- Installing: /home/dom/ros2_ws/src/teleop_twist_joy_ros2/install/teleop_twist_joy/share/teleop_twist_joy/config
[21.112s] -- Installing: /home/dom/ros2_ws/src/teleop_twist_joy_ros2/install/teleop_twist_joy/share/teleop_twist_joy/config/xd3.config.yaml
[21.112s] -- Installing: /home/dom/ros2_ws/src/teleop_twist_joy_ros2/install/teleop_twist_joy/share/teleop_twist_joy/config/atk3.config.yaml
[21.112s] -- Installing: /home/dom/ros2_ws/src/teleop_twist_joy_ros2/install/teleop_twist_joy/share/teleop_twist_joy/config/ps3-holonomic.config.yaml
[21.113s] -- Installing: /home/dom/ros2_ws/src/teleop_twist_joy_ros2/install/teleop_twist_joy/share/teleop_twist_joy/config/xbox.config.yaml
[21.113s] -- Installing: /home/dom/ros2_ws/src/teleop_twist_joy_ros2/install/teleop_twist_joy/share/teleop_twist_joy/config/ps3.config.yaml
[21.113s] -- Installing: /home/dom/ros2_ws/src/teleop_twist_joy_ros2/install/teleop_twist_joy/share/teleop_twist_joy/environment/library_path.sh
[21.113s] -- Installing: /home/dom/ros2_ws/src/teleop_twist_joy_ros2/install/teleop_twist_joy/share/teleop_twist_joy/environment/library_path.dsv
[21.114s] -- Installing: /home/dom/ros2_ws/src/teleop_twist_joy_ros2/install/teleop_twist_joy/share/ament_index/resource_index/package_run_dependencies/teleop_twist_joy
[21.114s] -- Installing: /home/dom/ros2_ws/src/teleop_twist_joy_ros2/install/teleop_twist_joy/share/ament_index/resource_index/parent_prefix_path/teleop_twist_joy
[21.114s] -- Installing: /home/dom/ros2_ws/src/teleop_twist_joy_ros2/install/teleop_twist_joy/share/teleop_twist_joy/environment/ament_prefix_path.sh
[21.114s] -- Installing: /home/dom/ros2_ws/src/teleop_twist_joy_ros2/install/teleop_twist_joy/share/teleop_twist_joy/environment/ament_prefix_path.dsv
[21.115s] -- Installing: /home/dom/ros2_ws/src/teleop_twist_joy_ros2/install/teleop_twist_joy/share/teleop_twist_joy/environment/path.sh
[21.115s] -- Installing: /home/dom/ros2_ws/src/teleop_twist_joy_ros2/install/teleop_twist_joy/share/teleop_twist_joy/environment/path.dsv
[21.115s] -- Installing: /home/dom/ros2_ws/src/teleop_twist_joy_ros2/install/teleop_twist_joy/share/teleop_twist_joy/local_setup.bash
[21.115s] -- Installing: /home/dom/ros2_ws/src/teleop_twist_joy_ros2/install/teleop_twist_joy/share/teleop_twist_joy/local_setup.sh
[21.115s] -- Installing: /home/dom/ros2_ws/src/teleop_twist_joy_ros2/install/teleop_twist_joy/share/teleop_twist_joy/local_setup.zsh
[21.115s] -- Installing: /home/dom/ros2_ws/src/teleop_twist_joy_ros2/install/teleop_twist_joy/share/teleop_twist_joy/local_setup.dsv
[21.116s] -- Installing: /home/dom/ros2_ws/src/teleop_twist_joy_ros2/install/teleop_twist_joy/share/teleop_twist_joy/package.dsv
[21.116s] -- Installing: /home/dom/ros2_ws/src/teleop_twist_joy_ros2/install/teleop_twist_joy/share/ament_index/resource_index/packages/teleop_twist_joy
[21.116s] -- Installing: /home/dom/ros2_ws/src/teleop_twist_joy_ros2/install/teleop_twist_joy/share/ament_index/resource_index/rclcpp_components/teleop_twist_joy
[21.116s] -- Installing: /home/dom/ros2_ws/src/teleop_twist_joy_ros2/install/teleop_twist_joy/share/teleop_twist_joy/cmake/export_teleop_twist_joyExport.cmake
[21.116s] -- Installing: /home/dom/ros2_ws/src/teleop_twist_joy_ros2/install/teleop_twist_joy/share/teleop_twist_joy/cmake/export_teleop_twist_joyExport-noconfig.cmake
[21.117s] -- Installing: /home/dom/ros2_ws/src/teleop_twist_joy_ros2/install/teleop_twist_joy/share/teleop_twist_joy/cmake/ament_cmake_export_include_directories-extras.cmake
[21.117s] -- Installing: /home/dom/ros2_ws/src/teleop_twist_joy_ros2/install/teleop_twist_joy/share/teleop_twist_joy/cmake/ament_cmake_export_libraries-extras.cmake
[21.117s] -- Installing: /home/dom/ros2_ws/src/teleop_twist_joy_ros2/install/teleop_twist_joy/share/teleop_twist_joy/cmake/ament_cmake_export_targets-extras.cmake
[21.117s] -- Installing: /home/dom/ros2_ws/src/teleop_twist_joy_ros2/install/teleop_twist_joy/share/teleop_twist_joy/cmake/teleop_twist_joyConfig.cmake
[21.117s] -- Installing: /home/dom/ros2_ws/src/teleop_twist_joy_ros2/install/teleop_twist_joy/share/teleop_twist_joy/cmake/teleop_twist_joyConfig-version.cmake
[21.117s] -- Installing: /home/dom/ros2_ws/src/teleop_twist_joy_ros2/install/teleop_twist_joy/share/teleop_twist_joy/package.xml
[21.120s] Invoked command in '/home/dom/ros2_ws/src/teleop_twist_joy_ros2/build/teleop_twist_joy' returned '0': CMAKE_PREFIX_PATH=${CMAKE_PREFIX_PATH}:/opt/ros/humble /usr/bin/cmake --install /home/dom/ros2_ws/src/teleop_twist_joy_ros2/build/teleop_twist_joy
