[0.016s] Invoking command in '/home/dom/ros2_ws/src/teleop_twist_joy_ros2/build/teleop_twist_joy': CMAKE_PREFIX_PATH=${CMAKE_PREFIX_PATH}:/opt/ros/humble /usr/bin/cmake --build /home/dom/ros2_ws/src/teleop_twist_joy_ros2/build/teleop_twist_joy -- -j8 -l8
[0.074s] [35m[1mConsolidate compiler generated dependencies of target teleop_twist_joy[0m
[0.100s] [ 50%] Built target teleop_twist_joy
[0.142s] [100%] Built target teleop_twist_joy_node
[0.157s] Invoked command in '/home/dom/ros2_ws/src/teleop_twist_joy_ros2/build/teleop_twist_joy' returned '0': CMAKE_PREFIX_PATH=${CMAKE_PREFIX_PATH}:/opt/ros/humble /usr/bin/cmake --build /home/dom/ros2_ws/src/teleop_twist_joy_ros2/build/teleop_twist_joy -- -j8 -l8
[0.210s] Invoking command in '/home/dom/ros2_ws/src/teleop_twist_joy_ros2/build/teleop_twist_joy': CMAKE_PREFIX_PATH=${CMAKE_PREFIX_PATH}:/opt/ros/humble /usr/bin/cmake --install /home/dom/ros2_ws/src/teleop_twist_joy_ros2/build/teleop_twist_joy
[0.224s] -- Install configuration: ""
[0.225s] -- Execute custom install script
[0.225s] -- Up-to-date symlink: /home/dom/ros2_ws/src/teleop_twist_joy_ros2/install/teleop_twist_joy/lib/teleop_twist_joy/teleop_node
[0.225s] -- Up-to-date symlink: /home/dom/ros2_ws/src/teleop_twist_joy_ros2/install/teleop_twist_joy/include/teleop_twist_joy/teleop_twist_joy/teleop_twist_joy.hpp
[0.226s] -- Up-to-date symlink: /home/dom/ros2_ws/src/teleop_twist_joy_ros2/install/teleop_twist_joy/include/teleop_twist_joy/teleop_twist_joy/teleop_twist_joy_export.h
[0.226s] -- Up-to-date symlink: /home/dom/ros2_ws/src/teleop_twist_joy_ros2/install/teleop_twist_joy/share/teleop_twist_joy/launch/marmotte_moving.launch.xml
[0.226s] -- Up-to-date symlink: /home/dom/ros2_ws/src/teleop_twist_joy_ros2/install/teleop_twist_joy/share/teleop_twist_joy/launch/motor_drive.launch.xml
[0.227s] -- Up-to-date symlink: /home/dom/ros2_ws/src/teleop_twist_joy_ros2/install/teleop_twist_joy/share/teleop_twist_joy/launch/teleop.launch.xml
[0.227s] -- Up-to-date symlink: /home/dom/ros2_ws/src/teleop_twist_joy_ros2/install/teleop_twist_joy/share/teleop_twist_joy/launch/twist_mux_launch.py
[0.227s] -- Up-to-date symlink: /home/dom/ros2_ws/src/teleop_twist_joy_ros2/install/teleop_twist_joy/share/teleop_twist_joy/config/default_2.yaml
[0.227s] -- Up-to-date symlink: /home/dom/ros2_ws/src/teleop_twist_joy_ros2/install/teleop_twist_joy/share/teleop_twist_joy/config/joystick.yaml
[0.227s] -- Up-to-date symlink: /home/dom/ros2_ws/src/teleop_twist_joy_ros2/install/teleop_twist_joy/share/teleop_twist_joy/config/teleop.yaml
[0.228s] -- Up-to-date symlink: /home/dom/ros2_ws/src/teleop_twist_joy_ros2/install/teleop_twist_joy/share/teleop_twist_joy/config/teleop_simple.yaml
[0.228s] -- Up-to-date symlink: /home/dom/ros2_ws/src/teleop_twist_joy_ros2/install/teleop_twist_joy/share/teleop_twist_joy/config/twist_mux_locks.yaml
[0.228s] -- Up-to-date symlink: /home/dom/ros2_ws/src/teleop_twist_joy_ros2/install/teleop_twist_joy/share/teleop_twist_joy/config/twist_mux_topics.yaml
[0.229s] -- Up-to-date symlink: /home/dom/ros2_ws/src/teleop_twist_joy_ros2/install/teleop_twist_joy/share/teleop_twist_joy/environment/library_path.sh
[0.229s] -- Up-to-date symlink: /home/dom/ros2_ws/src/teleop_twist_joy_ros2/install/teleop_twist_joy/share/teleop_twist_joy/environment/library_path.dsv
[0.229s] -- Up-to-date symlink: /home/dom/ros2_ws/src/teleop_twist_joy_ros2/install/teleop_twist_joy/share/ament_index/resource_index/package_run_dependencies/teleop_twist_joy
[0.230s] -- Up-to-date symlink: /home/dom/ros2_ws/src/teleop_twist_joy_ros2/install/teleop_twist_joy/share/ament_index/resource_index/parent_prefix_path/teleop_twist_joy
[0.230s] -- Up-to-date symlink: /home/dom/ros2_ws/src/teleop_twist_joy_ros2/install/teleop_twist_joy/share/teleop_twist_joy/environment/ament_prefix_path.sh
[0.231s] -- Up-to-date symlink: /home/dom/ros2_ws/src/teleop_twist_joy_ros2/install/teleop_twist_joy/share/teleop_twist_joy/environment/ament_prefix_path.dsv
[0.231s] -- Up-to-date symlink: /home/dom/ros2_ws/src/teleop_twist_joy_ros2/install/teleop_twist_joy/share/teleop_twist_joy/environment/path.sh
[0.231s] -- Up-to-date symlink: /home/dom/ros2_ws/src/teleop_twist_joy_ros2/install/teleop_twist_joy/share/teleop_twist_joy/environment/path.dsv
[0.232s] -- Up-to-date symlink: /home/dom/ros2_ws/src/teleop_twist_joy_ros2/install/teleop_twist_joy/share/teleop_twist_joy/local_setup.bash
[0.232s] -- Up-to-date symlink: /home/dom/ros2_ws/src/teleop_twist_joy_ros2/install/teleop_twist_joy/share/teleop_twist_joy/local_setup.sh
[0.233s] -- Up-to-date symlink: /home/dom/ros2_ws/src/teleop_twist_joy_ros2/install/teleop_twist_joy/share/teleop_twist_joy/local_setup.zsh
[0.233s] -- Up-to-date symlink: /home/dom/ros2_ws/src/teleop_twist_joy_ros2/install/teleop_twist_joy/share/teleop_twist_joy/local_setup.dsv
[0.233s] -- Symlinking: /home/dom/ros2_ws/src/teleop_twist_joy_ros2/install/teleop_twist_joy/share/teleop_twist_joy/package.dsv
[0.246s] -- Up-to-date symlink: /home/dom/ros2_ws/src/teleop_twist_joy_ros2/install/teleop_twist_joy/share/ament_index/resource_index/packages/teleop_twist_joy
[0.246s] -- Up-to-date symlink: /home/dom/ros2_ws/src/teleop_twist_joy_ros2/install/teleop_twist_joy/share/ament_index/resource_index/rclcpp_components/teleop_twist_joy
[0.246s] -- Up-to-date symlink: /home/dom/ros2_ws/src/teleop_twist_joy_ros2/install/teleop_twist_joy/share/teleop_twist_joy/cmake/ament_cmake_export_include_directories-extras.cmake
[0.247s] -- Up-to-date symlink: /home/dom/ros2_ws/src/teleop_twist_joy_ros2/install/teleop_twist_joy/share/teleop_twist_joy/cmake/ament_cmake_export_libraries-extras.cmake
[0.247s] -- Up-to-date symlink: /home/dom/ros2_ws/src/teleop_twist_joy_ros2/install/teleop_twist_joy/share/teleop_twist_joy/cmake/ament_cmake_export_targets-extras.cmake
[0.247s] -- Up-to-date symlink: /home/dom/ros2_ws/src/teleop_twist_joy_ros2/install/teleop_twist_joy/share/teleop_twist_joy/cmake/teleop_twist_joyConfig.cmake
[0.248s] -- Up-to-date symlink: /home/dom/ros2_ws/src/teleop_twist_joy_ros2/install/teleop_twist_joy/share/teleop_twist_joy/cmake/teleop_twist_joyConfig-version.cmake
[0.248s] -- Up-to-date symlink: /home/dom/ros2_ws/src/teleop_twist_joy_ros2/install/teleop_twist_joy/share/teleop_twist_joy/package.xml
[0.249s] -- Up-to-date: /home/dom/ros2_ws/src/teleop_twist_joy_ros2/install/teleop_twist_joy/lib/libteleop_twist_joy.so
[0.249s] -- Up-to-date: /home/dom/ros2_ws/src/teleop_twist_joy_ros2/install/teleop_twist_joy/share/teleop_twist_joy/cmake/export_teleop_twist_joyExport.cmake
[0.249s] -- Up-to-date: /home/dom/ros2_ws/src/teleop_twist_joy_ros2/install/teleop_twist_joy/share/teleop_twist_joy/cmake/export_teleop_twist_joyExport-noconfig.cmake
[0.252s] Invoked command in '/home/dom/ros2_ws/src/teleop_twist_joy_ros2/build/teleop_twist_joy' returned '0': CMAKE_PREFIX_PATH=${CMAKE_PREFIX_PATH}:/opt/ros/humble /usr/bin/cmake --install /home/dom/ros2_ws/src/teleop_twist_joy_ros2/build/teleop_twist_joy
