[0.020s] Invoking command in '/home/dom/ros2_ws/src/teleop_twist_joy_ros2/build/teleop_twist_joy': CMAKE_PREFIX_PATH=${CMAKE_PREFIX_PATH}:/opt/ros/humble /usr/bin/cmake /home/dom/ros2_ws/src/teleop_twist_joy_ros2 -DAMENT_CMAKE_SYMLINK_INSTALL=1 -DCMAKE_INSTALL_PREFIX=/home/dom/ros2_ws/src/teleop_twist_joy_ros2/install/teleop_twist_joy
[0.050s] -- Found ament_cmake: 1.3.9 (/opt/ros/humble/share/ament_cmake/cmake)
[0.264s] -- Override CMake install command with custom implementation using symlinks instead of copying resources
[0.277s] -- Found geometry_msgs: 4.2.3 (/opt/ros/humble/share/geometry_msgs/cmake)
[0.309s] -- Found rosidl_generator_c: 3.1.5 (/opt/ros/humble/share/rosidl_generator_c/cmake)
[0.312s] -- Found rosidl_adapter: 3.1.5 (/opt/ros/humble/share/rosidl_adapter/cmake)
[0.318s] -- Found rosidl_generator_cpp: 3.1.5 (/opt/ros/humble/share/rosidl_generator_cpp/cmake)
[0.333s] -- Using all available rosidl_typesupport_c: rosidl_typesupport_fastrtps_c;rosidl_typesupport_introspection_c
[0.354s] -- Using all available rosidl_typesupport_cpp: rosidl_typesupport_fastrtps_cpp;rosidl_typesupport_introspection_cpp
[0.511s] -- Found rclcpp: 16.0.9 (/opt/ros/humble/share/rclcpp/cmake)
[0.593s] -- Found rmw_implementation_cmake: 6.1.2 (/opt/ros/humble/share/rmw_implementation_cmake/cmake)
[0.595s] -- Found rmw_fastrtps_cpp: 6.2.6 (/opt/ros/humble/share/rmw_fastrtps_cpp/cmake)
[0.735s] -- Using RMW implementation 'rmw_fastrtps_cpp' as default
[0.989s] -- Found rclcpp_components: 16.0.9 (/opt/ros/humble/share/rclcpp_components/cmake)
[1.123s] -- Found sensor_msgs: 4.2.3 (/opt/ros/humble/share/sensor_msgs/cmake)
[1.234s] -- Found ament_lint_auto: 0.12.11 (/opt/ros/humble/share/ament_lint_auto/cmake)
[1.336s] -- Found python_cmake_module: 0.10.0 (/opt/ros/humble/share/python_cmake_module/cmake)
[1.370s] -- Using PYTHON_EXECUTABLE: /usr/bin/python3
[1.370s] -- Using PYTHON_INCLUDE_DIRS: /usr/include/python3.10
[1.371s] -- Using PYTHON_LIBRARIES: /usr/lib/x86_64-linux-gnu/libpython3.10.so
[1.425s] -- Added test 'cppcheck' to perform static code analysis on C / C++ code
[1.425s] -- Configured cppcheck include dirs: $<BUILD_INTERFACE:/home/dom/ros2_ws/src/teleop_twist_joy_ros2/build/teleop_twist_joy>;$<BUILD_INTERFACE:/home/dom/ros2_ws/src/teleop_twist_joy_ros2/include>
[1.425s] -- Configured cppcheck exclude dirs and/or files: 
[1.429s] -- Added test 'flake8' to check Python code syntax and style conventions
[1.437s] -- Added test 'lint_cmake' to check CMake code style
[1.442s] -- Added test 'pep257' to check Python code against some of the docstring style conventions in PEP 257
[1.446s] -- Added test 'xmllint' to check XML markup files
[1.449s] -- Configuring done
[1.468s] -- Generating done
[1.471s] -- Build files have been written to: /home/dom/ros2_ws/src/teleop_twist_joy_ros2/build/teleop_twist_joy
[1.480s] Invoked command in '/home/dom/ros2_ws/src/teleop_twist_joy_ros2/build/teleop_twist_joy' returned '0': CMAKE_PREFIX_PATH=${CMAKE_PREFIX_PATH}:/opt/ros/humble /usr/bin/cmake /home/dom/ros2_ws/src/teleop_twist_joy_ros2 -DAMENT_CMAKE_SYMLINK_INSTALL=1 -DCMAKE_INSTALL_PREFIX=/home/dom/ros2_ws/src/teleop_twist_joy_ros2/install/teleop_twist_joy
[1.483s] Invoking command in '/home/dom/ros2_ws/src/teleop_twist_joy_ros2/build/teleop_twist_joy': CMAKE_PREFIX_PATH=${CMAKE_PREFIX_PATH}:/opt/ros/humble /usr/bin/cmake --build /home/dom/ros2_ws/src/teleop_twist_joy_ros2/build/teleop_twist_joy -- -j8 -l8
[1.537s] [35m[1mConsolidate compiler generated dependencies of target teleop_twist_joy[0m
[1.561s] [ 50%] Built target teleop_twist_joy
[1.579s] [35m[1mConsolidate compiler generated dependencies of target teleop_twist_joy_node[0m
[1.601s] [ 75%] [32m[1mLinking CXX executable teleop_node[0m
[2.030s] [100%] Built target teleop_twist_joy_node
[2.054s] Invoked command in '/home/dom/ros2_ws/src/teleop_twist_joy_ros2/build/teleop_twist_joy' returned '0': CMAKE_PREFIX_PATH=${CMAKE_PREFIX_PATH}:/opt/ros/humble /usr/bin/cmake --build /home/dom/ros2_ws/src/teleop_twist_joy_ros2/build/teleop_twist_joy -- -j8 -l8
[2.130s] Invoking command in '/home/dom/ros2_ws/src/teleop_twist_joy_ros2/build/teleop_twist_joy': CMAKE_PREFIX_PATH=${CMAKE_PREFIX_PATH}:/opt/ros/humble /usr/bin/cmake --install /home/dom/ros2_ws/src/teleop_twist_joy_ros2/build/teleop_twist_joy
[2.147s] -- Install configuration: ""
[2.148s] -- Execute custom install script
[2.148s] -- Symlinking: /home/dom/ros2_ws/src/teleop_twist_joy_ros2/install/teleop_twist_joy/lib/teleop_twist_joy/teleop_node
[2.165s] -- Symlinking: /home/dom/ros2_ws/src/teleop_twist_joy_ros2/install/teleop_twist_joy/include/teleop_twist_joy/teleop_twist_joy/teleop_twist_joy.hpp
[2.183s] -- Symlinking: /home/dom/ros2_ws/src/teleop_twist_joy_ros2/install/teleop_twist_joy/include/teleop_twist_joy/teleop_twist_joy/teleop_twist_joy_export.h
[2.198s] -- Symlinking: /home/dom/ros2_ws/src/teleop_twist_joy_ros2/install/teleop_twist_joy/share/teleop_twist_joy/launch/teleop-launch.py
[2.215s] -- Symlinking: /home/dom/ros2_ws/src/teleop_twist_joy_ros2/install/teleop_twist_joy/share/teleop_twist_joy/config/atk3.config.yaml
[2.233s] -- Symlinking: /home/dom/ros2_ws/src/teleop_twist_joy_ros2/install/teleop_twist_joy/share/teleop_twist_joy/config/ps3-holonomic.config.yaml
[2.246s] -- Symlinking: /home/dom/ros2_ws/src/teleop_twist_joy_ros2/install/teleop_twist_joy/share/teleop_twist_joy/config/ps3.config.yaml
[2.260s] -- Symlinking: /home/dom/ros2_ws/src/teleop_twist_joy_ros2/install/teleop_twist_joy/share/teleop_twist_joy/config/xbox.config.yaml
[2.275s] -- Symlinking: /home/dom/ros2_ws/src/teleop_twist_joy_ros2/install/teleop_twist_joy/share/teleop_twist_joy/config/xd3.config.yaml
[2.288s] -- Symlinking: /home/dom/ros2_ws/src/teleop_twist_joy_ros2/install/teleop_twist_joy/share/teleop_twist_joy/environment/library_path.sh
[2.299s] -- Symlinking: /home/dom/ros2_ws/src/teleop_twist_joy_ros2/install/teleop_twist_joy/share/teleop_twist_joy/environment/library_path.dsv
[2.310s] -- Symlinking: /home/dom/ros2_ws/src/teleop_twist_joy_ros2/install/teleop_twist_joy/share/ament_index/resource_index/package_run_dependencies/teleop_twist_joy
[2.325s] -- Symlinking: /home/dom/ros2_ws/src/teleop_twist_joy_ros2/install/teleop_twist_joy/share/ament_index/resource_index/parent_prefix_path/teleop_twist_joy
[2.339s] -- Symlinking: /home/dom/ros2_ws/src/teleop_twist_joy_ros2/install/teleop_twist_joy/share/teleop_twist_joy/environment/ament_prefix_path.sh
[2.352s] -- Symlinking: /home/dom/ros2_ws/src/teleop_twist_joy_ros2/install/teleop_twist_joy/share/teleop_twist_joy/environment/ament_prefix_path.dsv
[2.363s] -- Symlinking: /home/dom/ros2_ws/src/teleop_twist_joy_ros2/install/teleop_twist_joy/share/teleop_twist_joy/environment/path.sh
[2.376s] -- Symlinking: /home/dom/ros2_ws/src/teleop_twist_joy_ros2/install/teleop_twist_joy/share/teleop_twist_joy/environment/path.dsv
[2.388s] -- Symlinking: /home/dom/ros2_ws/src/teleop_twist_joy_ros2/install/teleop_twist_joy/share/teleop_twist_joy/local_setup.bash
[2.401s] -- Symlinking: /home/dom/ros2_ws/src/teleop_twist_joy_ros2/install/teleop_twist_joy/share/teleop_twist_joy/local_setup.sh
[2.416s] -- Symlinking: /home/dom/ros2_ws/src/teleop_twist_joy_ros2/install/teleop_twist_joy/share/teleop_twist_joy/local_setup.zsh
[2.431s] -- Symlinking: /home/dom/ros2_ws/src/teleop_twist_joy_ros2/install/teleop_twist_joy/share/teleop_twist_joy/local_setup.dsv
[2.447s] -- Symlinking: /home/dom/ros2_ws/src/teleop_twist_joy_ros2/install/teleop_twist_joy/share/teleop_twist_joy/package.dsv
[2.461s] -- Symlinking: /home/dom/ros2_ws/src/teleop_twist_joy_ros2/install/teleop_twist_joy/share/ament_index/resource_index/packages/teleop_twist_joy
[2.476s] -- Symlinking: /home/dom/ros2_ws/src/teleop_twist_joy_ros2/install/teleop_twist_joy/share/ament_index/resource_index/rclcpp_components/teleop_twist_joy
[2.488s] -- Symlinking: /home/dom/ros2_ws/src/teleop_twist_joy_ros2/install/teleop_twist_joy/share/teleop_twist_joy/cmake/ament_cmake_export_include_directories-extras.cmake
[2.499s] -- Symlinking: /home/dom/ros2_ws/src/teleop_twist_joy_ros2/install/teleop_twist_joy/share/teleop_twist_joy/cmake/ament_cmake_export_libraries-extras.cmake
[2.510s] -- Symlinking: /home/dom/ros2_ws/src/teleop_twist_joy_ros2/install/teleop_twist_joy/share/teleop_twist_joy/cmake/ament_cmake_export_targets-extras.cmake
[2.521s] -- Symlinking: /home/dom/ros2_ws/src/teleop_twist_joy_ros2/install/teleop_twist_joy/share/teleop_twist_joy/cmake/teleop_twist_joyConfig.cmake
[2.534s] -- Symlinking: /home/dom/ros2_ws/src/teleop_twist_joy_ros2/install/teleop_twist_joy/share/teleop_twist_joy/cmake/teleop_twist_joyConfig-version.cmake
[2.550s] -- Symlinking: /home/dom/ros2_ws/src/teleop_twist_joy_ros2/install/teleop_twist_joy/share/teleop_twist_joy/package.xml
[2.562s] -- Up-to-date: /home/dom/ros2_ws/src/teleop_twist_joy_ros2/install/teleop_twist_joy/lib/libteleop_twist_joy.so
[2.562s] -- Up-to-date: /home/dom/ros2_ws/src/teleop_twist_joy_ros2/install/teleop_twist_joy/share/teleop_twist_joy/cmake/export_teleop_twist_joyExport.cmake
[2.562s] -- Up-to-date: /home/dom/ros2_ws/src/teleop_twist_joy_ros2/install/teleop_twist_joy/share/teleop_twist_joy/cmake/export_teleop_twist_joyExport-noconfig.cmake
[2.566s] Invoked command in '/home/dom/ros2_ws/src/teleop_twist_joy_ros2/build/teleop_twist_joy' returned '0': CMAKE_PREFIX_PATH=${CMAKE_PREFIX_PATH}:/opt/ros/humble /usr/bin/cmake --install /home/dom/ros2_ws/src/teleop_twist_joy_ros2/build/teleop_twist_joy
